<program>
   1: # En hyggelig hilsen
   2: navn = 'Dag'
  <stmt>
    <small stmt list>
      <small stmt>
        <assignment>
          <name>
          </name>
          <expr>
            <and test>
              <not test>
                <comparison>
                  <term>
                    <factor>
                      <primary>
                        <atom>
                          <string literal>
                          </string literal>
                        </atom>
                      </primary>
                    </factor>
                  </term>
                </comparison>
              </not test>
            </and test>
          </expr>
        </assignment>
      </small stmt>
    </small stmt list>
  </stmt>
   3: print("Hei, ", navn)
  <stmt>
    <small stmt list>
      <small stmt>
        <expr stmt>
          <expr>
            <and test>
              <not test>
                <comparison>
                  <term>
                    <factor>
                      <primary>
                        <atom>
                          <name>
                          </name>
                        </atom>
                        <primary suffix>
                          <arguments>
                            <expr>
                              <and test>
                                <not test>
                                  <comparison>
                                    <term>
                                      <factor>
                                        <primary>
                                          <atom>
                                            <string literal>
                                            </string literal>
                                          </atom>
                                        </primary>
                                      </factor>
                                    </term>
                                  </comparison>
                                </not test>
                              </and test>
                            </expr>
                            <expr>
                              <and test>
                                <not test>
                                  <comparison>
                                    <term>
                                      <factor>
                                        <primary>
                                          <atom>
                                            <name>
                                            </name>
                                          </atom>
                                        </primary>
                                      </factor>
                                    </term>
                                  </comparison>
                                </not test>
                              </and test>
                            </expr>
                          </arguments>
                        </primary suffix>
                      </primary>
                    </factor>
                  </term>
                </comparison>
              </not test>
            </and test>
          </expr>
        </expr stmt>
      </small stmt>
    </small stmt list>
  </stmt>
</program>
