Trace line 4: vekter_1 = [3, 7, 6, 1, 8, 9, 4, 5, 2]
Trace line 5: vekter_2 = [5, 4, 3, 2, 7, 6, 5, 4, 3, 2]
Trace line 7: def sjekk_kontrollsiffer
Trace line 13: def kun_sifre
Trace line 23: Call function input with params ['Fødselsnummer: ']
Trace line 23: Call function kun_sifre with params ['30010091558']
Trace line 14: res = ''
Trace line 15: Call function len with params ['30010091558']
Trace line 15: Call function range with params [0, 11]
Trace line 15: for #1: i = 0
Trace line 16: c = '3'
Trace line 17: if True alt #1: ...
Trace line 18: res = '3'
Trace line 15: for #2: i = 1
Trace line 16: c = '0'
Trace line 17: if True alt #1: ...
Trace line 18: res = '30'
Trace line 15: for #3: i = 2
Trace line 16: c = '0'
Trace line 17: if True alt #1: ...
Trace line 18: res = '300'
Trace line 15: for #4: i = 3
Trace line 16: c = '1'
Trace line 17: if True alt #1: ...
Trace line 18: res = '3001'
Trace line 15: for #5: i = 4
Trace line 16: c = '0'
Trace line 17: if True alt #1: ...
Trace line 18: res = '30010'
Trace line 15: for #6: i = 5
Trace line 16: c = '0'
Trace line 17: if True alt #1: ...
Trace line 18: res = '300100'
Trace line 15: for #7: i = 6
Trace line 16: c = '9'
Trace line 17: if True alt #1: ...
Trace line 18: res = '3001009'
Trace line 15: for #8: i = 7
Trace line 16: c = '1'
Trace line 17: if True alt #1: ...
Trace line 18: res = '30010091'
Trace line 15: for #9: i = 8
Trace line 16: c = '5'
Trace line 17: if True alt #1: ...
Trace line 18: res = '300100915'
Trace line 15: for #10: i = 9
Trace line 16: c = '5'
Trace line 17: if True alt #1: ...
Trace line 18: res = '3001009155'
Trace line 15: for #11: i = 10
Trace line 16: c = '8'
Trace line 17: if True alt #1: ...
Trace line 18: res = '30010091558'
Trace line 21: return '30010091558'
Trace line 23: fnr = '30010091558'
Trace line 24: while True: ...
Trace line 25: Call function len with params ['30010091558']
Trace line 25: else: ...
Trace line 28: sifre = [0, 0, 0, 0, 0, 0, 0, 0, 0, 0, 0]
Trace line 29: Call function range with params [0, 11]
Trace line 29: for #1: i = 0
Trace line 30: Call function int with params ['3']
Trace line 30: sifre[0] = 3
Trace line 29: for #2: i = 1
Trace line 30: Call function int with params ['0']
Trace line 30: sifre[1] = 0
Trace line 29: for #3: i = 2
Trace line 30: Call function int with params ['0']
Trace line 30: sifre[2] = 0
Trace line 29: for #4: i = 3
Trace line 30: Call function int with params ['1']
Trace line 30: sifre[3] = 1
Trace line 29: for #5: i = 4
Trace line 30: Call function int with params ['0']
Trace line 30: sifre[4] = 0
Trace line 29: for #6: i = 5
Trace line 30: Call function int with params ['0']
Trace line 30: sifre[5] = 0
Trace line 29: for #7: i = 6
Trace line 30: Call function int with params ['9']
Trace line 30: sifre[6] = 9
Trace line 29: for #8: i = 7
Trace line 30: Call function int with params ['1']
Trace line 30: sifre[7] = 1
Trace line 29: for #9: i = 8
Trace line 30: Call function int with params ['5']
Trace line 30: sifre[8] = 5
Trace line 29: for #10: i = 9
Trace line 30: Call function int with params ['5']
Trace line 30: sifre[9] = 5
Trace line 29: for #11: i = 10
Trace line 30: Call function int with params ['8']
Trace line 30: sifre[10] = 8
Trace line 31: Call function sjekk_kontrollsiffer with params [9, [3, 7, 6, 1, 8, 9, 4, 5, 2]]
Trace line 8: sum = 0
Trace line 9: Call function range with params [0, 9]
Trace line 9: for #1: i = 0
Trace line 10: sum = 9
Trace line 9: for #2: i = 1
Trace line 10: sum = 9
Trace line 9: for #3: i = 2
Trace line 10: sum = 9
Trace line 9: for #4: i = 3
Trace line 10: sum = 10
Trace line 9: for #5: i = 4
Trace line 10: sum = 10
Trace line 9: for #6: i = 5
Trace line 10: sum = 10
Trace line 9: for #7: i = 6
Trace line 10: sum = 46
Trace line 9: for #8: i = 7
Trace line 10: sum = 51
Trace line 9: for #9: i = 8
Trace line 10: sum = 61
Trace line 11: return True
Trace line 31: Call function sjekk_kontrollsiffer with params [10, [5, 4, 3, 2, 7, 6, 5, 4, 3, 2]]
Trace line 8: sum = 0
Trace line 9: Call function range with params [0, 10]
Trace line 9: for #1: i = 0
Trace line 10: sum = 15
Trace line 9: for #2: i = 1
Trace line 10: sum = 15
Trace line 9: for #3: i = 2
Trace line 10: sum = 15
Trace line 9: for #4: i = 3
Trace line 10: sum = 17
Trace line 9: for #5: i = 4
Trace line 10: sum = 17
Trace line 9: for #6: i = 5
Trace line 10: sum = 17
Trace line 9: for #7: i = 6
Trace line 10: sum = 62
Trace line 9: for #8: i = 7
Trace line 10: sum = 66
Trace line 9: for #9: i = 8
Trace line 10: sum = 81
Trace line 9: for #10: i = 9
Trace line 10: sum = 91
Trace line 11: return True
Trace line 31: if True alt #1: ...
Trace line 32: Call function print with params ['Fødselsnummer', '30010091558', 'er OK.']
Trace line 32: Expression statement produced None
Trace line 36: Call function input with params ['Fødselsnummer: ']
Trace line 36: Call function kun_sifre with params ['']
Trace line 14: res = ''
Trace line 15: Call function len with params ['']
Trace line 15: Call function range with params [0, 0]
Trace line 21: return ''
Trace line 36: fnr = ''
Trace line 24: while False:
