Trace line 4: ukedag = ['man', 'tirs', 'ons', 'tors', 'fre', 'lør', 'søn']
Trace line 5: m_leng = [0, 31, 28, 31, 30, 31, 30, 31, 31, 30, 31, 30, 31]
Trace line 7: m_navn = [0, 0, 0, 0, 0, 0, 0, 0, 0, 0, 0, 0, 0]
Trace line 8: m_navn[1] = 'januar'
Trace line 8: m_navn[2] = 'februar'
Trace line 8: m_navn[3] = 'mars'
Trace line 9: m_navn[4] = 'april'
Trace line 9: m_navn[5] = 'mai'
Trace line 9: m_navn[6] = 'juni'
Trace line 10: m_navn[7] = 'juli'
Trace line 10: m_navn[8] = 'august'
Trace line 10: m_navn[9] = 'september'
Trace line 11: m_navn[10] = 'oktober'
Trace line 11: m_navn[11] = 'november'
Trace line 11: m_navn[12] = 'desember'
Trace line 15: def finn_maaned
Trace line 21: def les_maaned
Trace line 29: def er_skuddaar
Trace line 33: def finn_m_leng
Trace line 38: def finn_dag_nr
Trace line 53: Call function input with params ['Oppgi et år: ']
Trace line 53: Call function int with params ['2023']
Trace line 53: aar = 2023
Trace line 54: Call function les_maaned with params []
Trace line 22: while True: ...
Trace line 23: Call function input with params ['Oppgi en måned: ']
Trace line 23: m_id = 'november'
Trace line 24: Call function finn_maaned with params ['november']
Trace line 16: Call function len with params [[0, 'januar', 'februar', 'mars', 'april', 'mai', 'juni', 'juli', 'august', 'september', 'oktober', 'november', 'desember']]
Trace line 16: Call function range with params [1, 13]
Trace line 16: for #1: m_ix = 1
Trace line 16: for #2: m_ix = 2
Trace line 16: for #3: m_ix = 3
Trace line 16: for #4: m_ix = 4
Trace line 16: for #5: m_ix = 5
Trace line 16: for #6: m_ix = 6
Trace line 16: for #7: m_ix = 7
Trace line 16: for #8: m_ix = 8
Trace line 16: for #9: m_ix = 9
Trace line 16: for #10: m_ix = 10
Trace line 16: for #11: m_ix = 11
Trace line 17: if True alt #1: ...
Trace line 17: return 11
Trace line 24: m_num = 11
Trace line 25: if True alt #1: ...
Trace line 25: return 11
Trace line 54: maaned = 11
Trace line 55: Call function input with params ['Oppgi en dag: ']
Trace line 55: Call function int with params ['26']
Trace line 55: dag = 26
Trace line 56: Call function finn_dag_nr with params [2023, 11, 26]
Trace line 39: d_nr = 26
Trace line 42: Call function range with params [1900, 2023]
Trace line 42: for #1: aax = 1900
Trace line 43: d_nr = 391
Trace line 44: Call function er_skuddaar with params [1900]
Trace line 30: return False
Trace line 42: for #2: aax = 1901
Trace line 43: d_nr = 756
Trace line 44: Call function er_skuddaar with params [1901]
Trace line 30: return False
Trace line 42: for #3: aax = 1902
Trace line 43: d_nr = 1121
Trace line 44: Call function er_skuddaar with params [1902]
Trace line 30: return False
Trace line 42: for #4: aax = 1903
Trace line 43: d_nr = 1486
Trace line 44: Call function er_skuddaar with params [1903]
Trace line 30: return False
Trace line 42: for #5: aax = 1904
Trace line 43: d_nr = 1851
Trace line 44: Call function er_skuddaar with params [1904]
Trace line 30: return 4
Trace line 44: if True alt #1: ...
Trace line 44: d_nr = 1852
Trace line 42: for #6: aax = 1905
Trace line 43: d_nr = 2217
Trace line 44: Call function er_skuddaar with params [1905]
Trace line 30: return False
Trace line 42: for #7: aax = 1906
Trace line 43: d_nr = 2582
Trace line 44: Call function er_skuddaar with params [1906]
Trace line 30: return False
Trace line 42: for #8: aax = 1907
Trace line 43: d_nr = 2947
Trace line 44: Call function er_skuddaar with params [1907]
Trace line 30: return False
Trace line 42: for #9: aax = 1908
Trace line 43: d_nr = 3312
Trace line 44: Call function er_skuddaar with params [1908]
Trace line 30: return 8
Trace line 44: if True alt #1: ...
Trace line 44: d_nr = 3313
Trace line 42: for #10: aax = 1909
Trace line 43: d_nr = 3678
Trace line 44: Call function er_skuddaar with params [1909]
Trace line 30: return False
Trace line 42: for #11: aax = 1910
Trace line 43: d_nr = 4043
Trace line 44: Call function er_skuddaar with params [1910]
Trace line 30: return False
Trace line 42: for #12: aax = 1911
Trace line 43: d_nr = 4408
Trace line 44: Call function er_skuddaar with params [1911]
Trace line 30: return False
Trace line 42: for #13: aax = 1912
Trace line 43: d_nr = 4773
Trace line 44: Call function er_skuddaar with params [1912]
Trace line 30: return 12
Trace line 44: if True alt #1: ...
Trace line 44: d_nr = 4774
Trace line 42: for #14: aax = 1913
Trace line 43: d_nr = 5139
Trace line 44: Call function er_skuddaar with params [1913]
Trace line 30: return False
Trace line 42: for #15: aax = 1914
Trace line 43: d_nr = 5504
Trace line 44: Call function er_skuddaar with params [1914]
Trace line 30: return False
Trace line 42: for #16: aax = 1915
Trace line 43: d_nr = 5869
Trace line 44: Call function er_skuddaar with params [1915]
Trace line 30: return False
Trace line 42: for #17: aax = 1916
Trace line 43: d_nr = 6234
Trace line 44: Call function er_skuddaar with params [1916]
Trace line 30: return 16
Trace line 44: if True alt #1: ...
Trace line 44: d_nr = 6235
Trace line 42: for #18: aax = 1917
Trace line 43: d_nr = 6600
Trace line 44: Call function er_skuddaar with params [1917]
Trace line 30: return False
Trace line 42: for #19: aax = 1918
Trace line 43: d_nr = 6965
Trace line 44: Call function er_skuddaar with params [1918]
Trace line 30: return False
Trace line 42: for #20: aax = 1919
Trace line 43: d_nr = 7330
Trace line 44: Call function er_skuddaar with params [1919]
Trace line 30: return False
Trace line 42: for #21: aax = 1920
Trace line 43: d_nr = 7695
Trace line 44: Call function er_skuddaar with params [1920]
Trace line 30: return 20
Trace line 44: if True alt #1: ...
Trace line 44: d_nr = 7696
Trace line 42: for #22: aax = 1921
Trace line 43: d_nr = 8061
Trace line 44: Call function er_skuddaar with params [1921]
Trace line 30: return False
Trace line 42: for #23: aax = 1922
Trace line 43: d_nr = 8426
Trace line 44: Call function er_skuddaar with params [1922]
Trace line 30: return False
Trace line 42: for #24: aax = 1923
Trace line 43: d_nr = 8791
Trace line 44: Call function er_skuddaar with params [1923]
Trace line 30: return False
Trace line 42: for #25: aax = 1924
Trace line 43: d_nr = 9156
Trace line 44: Call function er_skuddaar with params [1924]
Trace line 30: return 24
Trace line 44: if True alt #1: ...
Trace line 44: d_nr = 9157
Trace line 42: for #26: aax = 1925
Trace line 43: d_nr = 9522
Trace line 44: Call function er_skuddaar with params [1925]
Trace line 30: return False
Trace line 42: for #27: aax = 1926
Trace line 43: d_nr = 9887
Trace line 44: Call function er_skuddaar with params [1926]
Trace line 30: return False
Trace line 42: for #28: aax = 1927
Trace line 43: d_nr = 10252
Trace line 44: Call function er_skuddaar with params [1927]
Trace line 30: return False
Trace line 42: for #29: aax = 1928
Trace line 43: d_nr = 10617
Trace line 44: Call function er_skuddaar with params [1928]
Trace line 30: return 28
Trace line 44: if True alt #1: ...
Trace line 44: d_nr = 10618
Trace line 42: for #30: aax = 1929
Trace line 43: d_nr = 10983
Trace line 44: Call function er_skuddaar with params [1929]
Trace line 30: return False
Trace line 42: for #31: aax = 1930
Trace line 43: d_nr = 11348
Trace line 44: Call function er_skuddaar with params [1930]
Trace line 30: return False
Trace line 42: for #32: aax = 1931
Trace line 43: d_nr = 11713
Trace line 44: Call function er_skuddaar with params [1931]
Trace line 30: return False
Trace line 42: for #33: aax = 1932
Trace line 43: d_nr = 12078
Trace line 44: Call function er_skuddaar with params [1932]
Trace line 30: return 32
Trace line 44: if True alt #1: ...
Trace line 44: d_nr = 12079
Trace line 42: for #34: aax = 1933
Trace line 43: d_nr = 12444
Trace line 44: Call function er_skuddaar with params [1933]
Trace line 30: return False
Trace line 42: for #35: aax = 1934
Trace line 43: d_nr = 12809
Trace line 44: Call function er_skuddaar with params [1934]
Trace line 30: return False
Trace line 42: for #36: aax = 1935
Trace line 43: d_nr = 13174
Trace line 44: Call function er_skuddaar with params [1935]
Trace line 30: return False
Trace line 42: for #37: aax = 1936
Trace line 43: d_nr = 13539
Trace line 44: Call function er_skuddaar with params [1936]
Trace line 30: return 36
Trace line 44: if True alt #1: ...
Trace line 44: d_nr = 13540
Trace line 42: for #38: aax = 1937
Trace line 43: d_nr = 13905
Trace line 44: Call function er_skuddaar with params [1937]
Trace line 30: return False
Trace line 42: for #39: aax = 1938
Trace line 43: d_nr = 14270
Trace line 44: Call function er_skuddaar with params [1938]
Trace line 30: return False
Trace line 42: for #40: aax = 1939
Trace line 43: d_nr = 14635
Trace line 44: Call function er_skuddaar with params [1939]
Trace line 30: return False
Trace line 42: for #41: aax = 1940
Trace line 43: d_nr = 15000
Trace line 44: Call function er_skuddaar with params [1940]
Trace line 30: return 40
Trace line 44: if True alt #1: ...
Trace line 44: d_nr = 15001
Trace line 42: for #42: aax = 1941
Trace line 43: d_nr = 15366
Trace line 44: Call function er_skuddaar with params [1941]
Trace line 30: return False
Trace line 42: for #43: aax = 1942
Trace line 43: d_nr = 15731
Trace line 44: Call function er_skuddaar with params [1942]
Trace line 30: return False
Trace line 42: for #44: aax = 1943
Trace line 43: d_nr = 16096
Trace line 44: Call function er_skuddaar with params [1943]
Trace line 30: return False
Trace line 42: for #45: aax = 1944
Trace line 43: d_nr = 16461
Trace line 44: Call function er_skuddaar with params [1944]
Trace line 30: return 44
Trace line 44: if True alt #1: ...
Trace line 44: d_nr = 16462
Trace line 42: for #46: aax = 1945
Trace line 43: d_nr = 16827
Trace line 44: Call function er_skuddaar with params [1945]
Trace line 30: return False
Trace line 42: for #47: aax = 1946
Trace line 43: d_nr = 17192
Trace line 44: Call function er_skuddaar with params [1946]
Trace line 30: return False
Trace line 42: for #48: aax = 1947
Trace line 43: d_nr = 17557
Trace line 44: Call function er_skuddaar with params [1947]
Trace line 30: return False
Trace line 42: for #49: aax = 1948
Trace line 43: d_nr = 17922
Trace line 44: Call function er_skuddaar with params [1948]
Trace line 30: return 48
Trace line 44: if True alt #1: ...
Trace line 44: d_nr = 17923
Trace line 42: for #50: aax = 1949
Trace line 43: d_nr = 18288
Trace line 44: Call function er_skuddaar with params [1949]
Trace line 30: return False
Trace line 42: for #51: aax = 1950
Trace line 43: d_nr = 18653
Trace line 44: Call function er_skuddaar with params [1950]
Trace line 30: return False
Trace line 42: for #52: aax = 1951
Trace line 43: d_nr = 19018
Trace line 44: Call function er_skuddaar with params [1951]
Trace line 30: return False
Trace line 42: for #53: aax = 1952
Trace line 43: d_nr = 19383
Trace line 44: Call function er_skuddaar with params [1952]
Trace line 30: return 52
Trace line 44: if True alt #1: ...
Trace line 44: d_nr = 19384
Trace line 42: for #54: aax = 1953
Trace line 43: d_nr = 19749
Trace line 44: Call function er_skuddaar with params [1953]
Trace line 30: return False
Trace line 42: for #55: aax = 1954
Trace line 43: d_nr = 20114
Trace line 44: Call function er_skuddaar with params [1954]
Trace line 30: return False
Trace line 42: for #56: aax = 1955
Trace line 43: d_nr = 20479
Trace line 44: Call function er_skuddaar with params [1955]
Trace line 30: return False
Trace line 42: for #57: aax = 1956
Trace line 43: d_nr = 20844
Trace line 44: Call function er_skuddaar with params [1956]
Trace line 30: return 56
Trace line 44: if True alt #1: ...
Trace line 44: d_nr = 20845
Trace line 42: for #58: aax = 1957
Trace line 43: d_nr = 21210
Trace line 44: Call function er_skuddaar with params [1957]
Trace line 30: return False
Trace line 42: for #59: aax = 1958
Trace line 43: d_nr = 21575
Trace line 44: Call function er_skuddaar with params [1958]
Trace line 30: return False
Trace line 42: for #60: aax = 1959
Trace line 43: d_nr = 21940
Trace line 44: Call function er_skuddaar with params [1959]
Trace line 30: return False
Trace line 42: for #61: aax = 1960
Trace line 43: d_nr = 22305
Trace line 44: Call function er_skuddaar with params [1960]
Trace line 30: return 60
Trace line 44: if True alt #1: ...
Trace line 44: d_nr = 22306
Trace line 42: for #62: aax = 1961
Trace line 43: d_nr = 22671
Trace line 44: Call function er_skuddaar with params [1961]
Trace line 30: return False
Trace line 42: for #63: aax = 1962
Trace line 43: d_nr = 23036
Trace line 44: Call function er_skuddaar with params [1962]
Trace line 30: return False
Trace line 42: for #64: aax = 1963
Trace line 43: d_nr = 23401
Trace line 44: Call function er_skuddaar with params [1963]
Trace line 30: return False
Trace line 42: for #65: aax = 1964
Trace line 43: d_nr = 23766
Trace line 44: Call function er_skuddaar with params [1964]
Trace line 30: return 64
Trace line 44: if True alt #1: ...
Trace line 44: d_nr = 23767
Trace line 42: for #66: aax = 1965
Trace line 43: d_nr = 24132
Trace line 44: Call function er_skuddaar with params [1965]
Trace line 30: return False
Trace line 42: for #67: aax = 1966
Trace line 43: d_nr = 24497
Trace line 44: Call function er_skuddaar with params [1966]
Trace line 30: return False
Trace line 42: for #68: aax = 1967
Trace line 43: d_nr = 24862
Trace line 44: Call function er_skuddaar with params [1967]
Trace line 30: return False
Trace line 42: for #69: aax = 1968
Trace line 43: d_nr = 25227
Trace line 44: Call function er_skuddaar with params [1968]
Trace line 30: return 68
Trace line 44: if True alt #1: ...
Trace line 44: d_nr = 25228
Trace line 42: for #70: aax = 1969
Trace line 43: d_nr = 25593
Trace line 44: Call function er_skuddaar with params [1969]
Trace line 30: return False
Trace line 42: for #71: aax = 1970
Trace line 43: d_nr = 25958
Trace line 44: Call function er_skuddaar with params [1970]
Trace line 30: return False
Trace line 42: for #72: aax = 1971
Trace line 43: d_nr = 26323
Trace line 44: Call function er_skuddaar with params [1971]
Trace line 30: return False
Trace line 42: for #73: aax = 1972
Trace line 43: d_nr = 26688
Trace line 44: Call function er_skuddaar with params [1972]
Trace line 30: return 72
Trace line 44: if True alt #1: ...
Trace line 44: d_nr = 26689
Trace line 42: for #74: aax = 1973
Trace line 43: d_nr = 27054
Trace line 44: Call function er_skuddaar with params [1973]
Trace line 30: return False
Trace line 42: for #75: aax = 1974
Trace line 43: d_nr = 27419
Trace line 44: Call function er_skuddaar with params [1974]
Trace line 30: return False
Trace line 42: for #76: aax = 1975
Trace line 43: d_nr = 27784
Trace line 44: Call function er_skuddaar with params [1975]
Trace line 30: return False
Trace line 42: for #77: aax = 1976
Trace line 43: d_nr = 28149
Trace line 44: Call function er_skuddaar with params [1976]
Trace line 30: return 76
Trace line 44: if True alt #1: ...
Trace line 44: d_nr = 28150
Trace line 42: for #78: aax = 1977
Trace line 43: d_nr = 28515
Trace line 44: Call function er_skuddaar with params [1977]
Trace line 30: return False
Trace line 42: for #79: aax = 1978
Trace line 43: d_nr = 28880
Trace line 44: Call function er_skuddaar with params [1978]
Trace line 30: return False
Trace line 42: for #80: aax = 1979
Trace line 43: d_nr = 29245
Trace line 44: Call function er_skuddaar with params [1979]
Trace line 30: return False
Trace line 42: for #81: aax = 1980
Trace line 43: d_nr = 29610
Trace line 44: Call function er_skuddaar with params [1980]
Trace line 30: return 80
Trace line 44: if True alt #1: ...
Trace line 44: d_nr = 29611
Trace line 42: for #82: aax = 1981
Trace line 43: d_nr = 29976
Trace line 44: Call function er_skuddaar with params [1981]
Trace line 30: return False
Trace line 42: for #83: aax = 1982
Trace line 43: d_nr = 30341
Trace line 44: Call function er_skuddaar with params [1982]
Trace line 30: return False
Trace line 42: for #84: aax = 1983
Trace line 43: d_nr = 30706
Trace line 44: Call function er_skuddaar with params [1983]
Trace line 30: return False
Trace line 42: for #85: aax = 1984
Trace line 43: d_nr = 31071
Trace line 44: Call function er_skuddaar with params [1984]
Trace line 30: return 84
Trace line 44: if True alt #1: ...
Trace line 44: d_nr = 31072
Trace line 42: for #86: aax = 1985
Trace line 43: d_nr = 31437
Trace line 44: Call function er_skuddaar with params [1985]
Trace line 30: return False
Trace line 42: for #87: aax = 1986
Trace line 43: d_nr = 31802
Trace line 44: Call function er_skuddaar with params [1986]
Trace line 30: return False
Trace line 42: for #88: aax = 1987
Trace line 43: d_nr = 32167
Trace line 44: Call function er_skuddaar with params [1987]
Trace line 30: return False
Trace line 42: for #89: aax = 1988
Trace line 43: d_nr = 32532
Trace line 44: Call function er_skuddaar with params [1988]
Trace line 30: return 88
Trace line 44: if True alt #1: ...
Trace line 44: d_nr = 32533
Trace line 42: for #90: aax = 1989
Trace line 43: d_nr = 32898
Trace line 44: Call function er_skuddaar with params [1989]
Trace line 30: return False
Trace line 42: for #91: aax = 1990
Trace line 43: d_nr = 33263
Trace line 44: Call function er_skuddaar with params [1990]
Trace line 30: return False
Trace line 42: for #92: aax = 1991
Trace line 43: d_nr = 33628
Trace line 44: Call function er_skuddaar with params [1991]
Trace line 30: return False
Trace line 42: for #93: aax = 1992
Trace line 43: d_nr = 33993
Trace line 44: Call function er_skuddaar with params [1992]
Trace line 30: return 92
Trace line 44: if True alt #1: ...
Trace line 44: d_nr = 33994
Trace line 42: for #94: aax = 1993
Trace line 43: d_nr = 34359
Trace line 44: Call function er_skuddaar with params [1993]
Trace line 30: return False
Trace line 42: for #95: aax = 1994
Trace line 43: d_nr = 34724
Trace line 44: Call function er_skuddaar with params [1994]
Trace line 30: return False
Trace line 42: for #96: aax = 1995
Trace line 43: d_nr = 35089
Trace line 44: Call function er_skuddaar with params [1995]
Trace line 30: return False
Trace line 42: for #97: aax = 1996
Trace line 43: d_nr = 35454
Trace line 44: Call function er_skuddaar with params [1996]
Trace line 30: return 96
Trace line 44: if True alt #1: ...
Trace line 44: d_nr = 35455
Trace line 42: for #98: aax = 1997
Trace line 43: d_nr = 35820
Trace line 44: Call function er_skuddaar with params [1997]
Trace line 30: return False
Trace line 42: for #99: aax = 1998
Trace line 43: d_nr = 36185
Trace line 44: Call function er_skuddaar with params [1998]
Trace line 30: return False
Trace line 42: for #100: aax = 1999
Trace line 43: d_nr = 36550
Trace line 44: Call function er_skuddaar with params [1999]
Trace line 30: return False
Trace line 42: for #101: aax = 2000
Trace line 43: d_nr = 36915
Trace line 44: Call function er_skuddaar with params [2000]
Trace line 30: return True
Trace line 44: if True alt #1: ...
Trace line 44: d_nr = 36916
Trace line 42: for #102: aax = 2001
Trace line 43: d_nr = 37281
Trace line 44: Call function er_skuddaar with params [2001]
Trace line 30: return False
Trace line 42: for #103: aax = 2002
Trace line 43: d_nr = 37646
Trace line 44: Call function er_skuddaar with params [2002]
Trace line 30: return False
Trace line 42: for #104: aax = 2003
Trace line 43: d_nr = 38011
Trace line 44: Call function er_skuddaar with params [2003]
Trace line 30: return False
Trace line 42: for #105: aax = 2004
Trace line 43: d_nr = 38376
Trace line 44: Call function er_skuddaar with params [2004]
Trace line 30: return 4
Trace line 44: if True alt #1: ...
Trace line 44: d_nr = 38377
Trace line 42: for #106: aax = 2005
Trace line 43: d_nr = 38742
Trace line 44: Call function er_skuddaar with params [2005]
Trace line 30: return False
Trace line 42: for #107: aax = 2006
Trace line 43: d_nr = 39107
Trace line 44: Call function er_skuddaar with params [2006]
Trace line 30: return False
Trace line 42: for #108: aax = 2007
Trace line 43: d_nr = 39472
Trace line 44: Call function er_skuddaar with params [2007]
Trace line 30: return False
Trace line 42: for #109: aax = 2008
Trace line 43: d_nr = 39837
Trace line 44: Call function er_skuddaar with params [2008]
Trace line 30: return 8
Trace line 44: if True alt #1: ...
Trace line 44: d_nr = 39838
Trace line 42: for #110: aax = 2009
Trace line 43: d_nr = 40203
Trace line 44: Call function er_skuddaar with params [2009]
Trace line 30: return False
Trace line 42: for #111: aax = 2010
Trace line 43: d_nr = 40568
Trace line 44: Call function er_skuddaar with params [2010]
Trace line 30: return False
Trace line 42: for #112: aax = 2011
Trace line 43: d_nr = 40933
Trace line 44: Call function er_skuddaar with params [2011]
Trace line 30: return False
Trace line 42: for #113: aax = 2012
Trace line 43: d_nr = 41298
Trace line 44: Call function er_skuddaar with params [2012]
Trace line 30: return 12
Trace line 44: if True alt #1: ...
Trace line 44: d_nr = 41299
Trace line 42: for #114: aax = 2013
Trace line 43: d_nr = 41664
Trace line 44: Call function er_skuddaar with params [2013]
Trace line 30: return False
Trace line 42: for #115: aax = 2014
Trace line 43: d_nr = 42029
Trace line 44: Call function er_skuddaar with params [2014]
Trace line 30: return False
Trace line 42: for #116: aax = 2015
Trace line 43: d_nr = 42394
Trace line 44: Call function er_skuddaar with params [2015]
Trace line 30: return False
Trace line 42: for #117: aax = 2016
Trace line 43: d_nr = 42759
Trace line 44: Call function er_skuddaar with params [2016]
Trace line 30: return 16
Trace line 44: if True alt #1: ...
Trace line 44: d_nr = 42760
Trace line 42: for #118: aax = 2017
Trace line 43: d_nr = 43125
Trace line 44: Call function er_skuddaar with params [2017]
Trace line 30: return False
Trace line 42: for #119: aax = 2018
Trace line 43: d_nr = 43490
Trace line 44: Call function er_skuddaar with params [2018]
Trace line 30: return False
Trace line 42: for #120: aax = 2019
Trace line 43: d_nr = 43855
Trace line 44: Call function er_skuddaar with params [2019]
Trace line 30: return False
Trace line 42: for #121: aax = 2020
Trace line 43: d_nr = 44220
Trace line 44: Call function er_skuddaar with params [2020]
Trace line 30: return 20
Trace line 44: if True alt #1: ...
Trace line 44: d_nr = 44221
Trace line 42: for #122: aax = 2021
Trace line 43: d_nr = 44586
Trace line 44: Call function er_skuddaar with params [2021]
Trace line 30: return False
Trace line 42: for #123: aax = 2022
Trace line 43: d_nr = 44951
Trace line 44: Call function er_skuddaar with params [2022]
Trace line 30: return False
Trace line 47: Call function range with params [1, 11]
Trace line 47: for #1: mx = 1
Trace line 48: Call function finn_m_leng with params [1, 2023]
Trace line 35: return 31
Trace line 48: d_nr = 44982
Trace line 47: for #2: mx = 2
Trace line 48: Call function finn_m_leng with params [2, 2023]
Trace line 34: Call function er_skuddaar with params [2023]
Trace line 30: return False
Trace line 35: return 28
Trace line 48: d_nr = 45010
Trace line 47: for #3: mx = 3
Trace line 48: Call function finn_m_leng with params [3, 2023]
Trace line 35: return 31
Trace line 48: d_nr = 45041
Trace line 47: for #4: mx = 4
Trace line 48: Call function finn_m_leng with params [4, 2023]
Trace line 35: return 30
Trace line 48: d_nr = 45071
Trace line 47: for #5: mx = 5
Trace line 48: Call function finn_m_leng with params [5, 2023]
Trace line 35: return 31
Trace line 48: d_nr = 45102
Trace line 47: for #6: mx = 6
Trace line 48: Call function finn_m_leng with params [6, 2023]
Trace line 35: return 30
Trace line 48: d_nr = 45132
Trace line 47: for #7: mx = 7
Trace line 48: Call function finn_m_leng with params [7, 2023]
Trace line 35: return 31
Trace line 48: d_nr = 45163
Trace line 47: for #8: mx = 8
Trace line 48: Call function finn_m_leng with params [8, 2023]
Trace line 35: return 31
Trace line 48: d_nr = 45194
Trace line 47: for #9: mx = 9
Trace line 48: Call function finn_m_leng with params [9, 2023]
Trace line 35: return 30
Trace line 48: d_nr = 45224
Trace line 47: for #10: mx = 10
Trace line 48: Call function finn_m_leng with params [10, 2023]
Trace line 35: return 31
Trace line 48: d_nr = 45255
Trace line 50: return 45255
Trace line 56: u_dag = 'søndag'
Trace line 57: Call function str with params [26]
Trace line 57: Call function print with params ['26.', 'november', 2023, 'er en', 'søndag']
Trace line 57: Expression statement produced None
