<program>
   1: # Disse uttrykkene er lovlig:
   2: 
   3: a = 4;  b = 9
  <stmt>
    <small stmt list>
      <small stmt>
        <assignment>
          <name>
          </name>
          <expr>
            <and test>
              <not test>
                <comparison>
                  <term>
                    <factor>
                      <primary>
                        <atom>
                          <integer literal>
                          </integer literal>
                        </atom>
                      </primary>
                    </factor>
                  </term>
                </comparison>
              </not test>
            </and test>
          </expr>
        </assignment>
      </small stmt>
      <small stmt>
        <assignment>
          <name>
          </name>
          <expr>
            <and test>
              <not test>
                <comparison>
                  <term>
                    <factor>
                      <primary>
                        <atom>
                          <integer literal>
                          </integer literal>
                        </atom>
                      </primary>
                    </factor>
                  </term>
                </comparison>
              </not test>
            </and test>
          </expr>
        </assignment>
      </small stmt>
    </small stmt list>
  </stmt>
   4: v = a - 2 * b
  <stmt>
    <small stmt list>
      <small stmt>
        <assignment>
          <name>
          </name>
          <expr>
            <and test>
              <not test>
                <comparison>
                  <term>
                    <factor>
                      <primary>
                        <atom>
                          <name>
                          </name>
                        </atom>
                      </primary>
                    </factor>
                    <term opr>
                    </term opr>
                    <factor>
                      <primary>
                        <atom>
                          <integer literal>
                          </integer literal>
                        </atom>
                      </primary>
                      <factor opr>
                      </factor opr>
                      <primary>
                        <atom>
                          <name>
                          </name>
                        </atom>
                      </primary>
                    </factor>
                  </term>
                </comparison>
              </not test>
            </and test>
          </expr>
        </assignment>
      </small stmt>
    </small stmt list>
  </stmt>
   5: 
   6: # men ikke dette:
   7: 
   8: w = *a
  <stmt>
    <small stmt list>
      <small stmt>
        <assignment>
          <name>
          </name>
          <expr>
            <and test>
              <not test>
                <comparison>
                  <term>
                    <factor>
                      <primary>
                        <atom>
Asp parser error on line 8: Expected an expression atom but found a *!
