   1: # Finn 1. påskedag for årene 2021-2025.
   2: 
   3: y = 2021
Scanner: name token on line 3: y
Scanner: = token on line 3
Scanner: integer literal token on line 3: 2021
Scanner: NEWLINE token on line 3
   4: while y <= 2025:
Scanner: while token on line 4
Scanner: name token on line 4: y
Scanner: <= token on line 4
Scanner: integer literal token on line 4: 2025
Scanner: : token on line 4
Scanner: NEWLINE token on line 4
   5:    a = y % 19
Scanner: INDENT token on line 5
Scanner: name token on line 5: a
Scanner: = token on line 5
Scanner: name token on line 5: y
Scanner: % token on line 5
Scanner: integer literal token on line 5: 19
Scanner: NEWLINE token on line 5
   6:    b = y // 100
Scanner: name token on line 6: b
Scanner: = token on line 6
Scanner: name token on line 6: y
Scanner: // token on line 6
Scanner: integer literal token on line 6: 100
Scanner: NEWLINE token on line 6
   7:    c = y % 100
Scanner: name token on line 7: c
Scanner: = token on line 7
Scanner: name token on line 7: y
Scanner: % token on line 7
Scanner: integer literal token on line 7: 100
Scanner: NEWLINE token on line 7
   8:    d = b // 4
Scanner: name token on line 8: d
Scanner: = token on line 8
Scanner: name token on line 8: b
Scanner: // token on line 8
Scanner: integer literal token on line 8: 4
Scanner: NEWLINE token on line 8
   9:    e = b % 4
Scanner: name token on line 9: e
Scanner: = token on line 9
Scanner: name token on line 9: b
Scanner: % token on line 9
Scanner: integer literal token on line 9: 4
Scanner: NEWLINE token on line 9
  10:    f = (b+8) // 25
Scanner: name token on line 10: f
Scanner: = token on line 10
Scanner: ( token on line 10
Scanner: name token on line 10: b
Scanner: + token on line 10
Scanner: integer literal token on line 10: 8
Scanner: ) token on line 10
Scanner: // token on line 10
Scanner: integer literal token on line 10: 25
Scanner: NEWLINE token on line 10
  11:    g = (b-f+1) // 3
Scanner: name token on line 11: g
Scanner: = token on line 11
Scanner: ( token on line 11
Scanner: name token on line 11: b
Scanner: - token on line 11
Scanner: name token on line 11: f
Scanner: + token on line 11
Scanner: integer literal token on line 11: 1
Scanner: ) token on line 11
Scanner: // token on line 11
Scanner: integer literal token on line 11: 3
Scanner: NEWLINE token on line 11
  12:    h = (19*a+b-d-g+15) % 30
Scanner: name token on line 12: h
Scanner: = token on line 12
Scanner: ( token on line 12
Scanner: integer literal token on line 12: 19
Scanner: * token on line 12
Scanner: name token on line 12: a
Scanner: + token on line 12
Scanner: name token on line 12: b
Scanner: - token on line 12
Scanner: name token on line 12: d
Scanner: - token on line 12
Scanner: name token on line 12: g
Scanner: + token on line 12
Scanner: integer literal token on line 12: 15
Scanner: ) token on line 12
Scanner: % token on line 12
Scanner: integer literal token on line 12: 30
Scanner: NEWLINE token on line 12
  13:    i = c // 4
Scanner: name token on line 13: i
Scanner: = token on line 13
Scanner: name token on line 13: c
Scanner: // token on line 13
Scanner: integer literal token on line 13: 4
Scanner: NEWLINE token on line 13
  14:    k = c % 4
Scanner: name token on line 14: k
Scanner: = token on line 14
Scanner: name token on line 14: c
Scanner: % token on line 14
Scanner: integer literal token on line 14: 4
Scanner: NEWLINE token on line 14
  15:    l = (32+2*e+2*i-h-k) % 7
Scanner: name token on line 15: l
Scanner: = token on line 15
Scanner: ( token on line 15
Scanner: integer literal token on line 15: 32
Scanner: + token on line 15
Scanner: integer literal token on line 15: 2
Scanner: * token on line 15
Scanner: name token on line 15: e
Scanner: + token on line 15
Scanner: integer literal token on line 15: 2
Scanner: * token on line 15
Scanner: name token on line 15: i
Scanner: - token on line 15
Scanner: name token on line 15: h
Scanner: - token on line 15
Scanner: name token on line 15: k
Scanner: ) token on line 15
Scanner: % token on line 15
Scanner: integer literal token on line 15: 7
Scanner: NEWLINE token on line 15
  16:    m = (a+11*h+22*l) // 451
Scanner: name token on line 16: m
Scanner: = token on line 16
Scanner: ( token on line 16
Scanner: name token on line 16: a
Scanner: + token on line 16
Scanner: integer literal token on line 16: 11
Scanner: * token on line 16
Scanner: name token on line 16: h
Scanner: + token on line 16
Scanner: integer literal token on line 16: 22
Scanner: * token on line 16
Scanner: name token on line 16: l
Scanner: ) token on line 16
Scanner: // token on line 16
Scanner: integer literal token on line 16: 451
Scanner: NEWLINE token on line 16
  17: 
  18:    month = (h+l-7*m+114) // 31
Scanner: name token on line 18: month
Scanner: = token on line 18
Scanner: ( token on line 18
Scanner: name token on line 18: h
Scanner: + token on line 18
Scanner: name token on line 18: l
Scanner: - token on line 18
Scanner: integer literal token on line 18: 7
Scanner: * token on line 18
Scanner: name token on line 18: m
Scanner: + token on line 18
Scanner: integer literal token on line 18: 114
Scanner: ) token on line 18
Scanner: // token on line 18
Scanner: integer literal token on line 18: 31
Scanner: NEWLINE token on line 18
  19:    day = (h+l-7*m+114) % 31 + 1
Scanner: name token on line 19: day
Scanner: = token on line 19
Scanner: ( token on line 19
Scanner: name token on line 19: h
Scanner: + token on line 19
Scanner: name token on line 19: l
Scanner: - token on line 19
Scanner: integer literal token on line 19: 7
Scanner: * token on line 19
Scanner: name token on line 19: m
Scanner: + token on line 19
Scanner: integer literal token on line 19: 114
Scanner: ) token on line 19
Scanner: % token on line 19
Scanner: integer literal token on line 19: 31
Scanner: + token on line 19
Scanner: integer literal token on line 19: 1
Scanner: NEWLINE token on line 19
  20:    if month == 3:
Scanner: if token on line 20
Scanner: name token on line 20: month
Scanner: == token on line 20
Scanner: integer literal token on line 20: 3
Scanner: : token on line 20
Scanner: NEWLINE token on line 20
  21:       print(str(day) + ". mars", y)
Scanner: INDENT token on line 21
Scanner: name token on line 21: print
Scanner: ( token on line 21
Scanner: name token on line 21: str
Scanner: ( token on line 21
Scanner: name token on line 21: day
Scanner: ) token on line 21
Scanner: + token on line 21
Scanner: string literal token on line 21: ". mars"
Scanner: , token on line 21
Scanner: name token on line 21: y
Scanner: ) token on line 21
Scanner: NEWLINE token on line 21
  22:    else:
Scanner: DEDENT token on line 22
Scanner: else token on line 22
Scanner: : token on line 22
Scanner: NEWLINE token on line 22
  23:       print(str(day) + ". april", y)
Scanner: INDENT token on line 23
Scanner: name token on line 23: print
Scanner: ( token on line 23
Scanner: name token on line 23: str
Scanner: ( token on line 23
Scanner: name token on line 23: day
Scanner: ) token on line 23
Scanner: + token on line 23
Scanner: string literal token on line 23: ". april"
Scanner: , token on line 23
Scanner: name token on line 23: y
Scanner: ) token on line 23
Scanner: NEWLINE token on line 23
  24:    y = y+1
Scanner: DEDENT token on line 24
Scanner: name token on line 24: y
Scanner: = token on line 24
Scanner: name token on line 24: y
Scanner: + token on line 24
Scanner: integer literal token on line 24: 1
Scanner: NEWLINE token on line 24
Scanner: DEDENT token
Scanner: E-o-f token
